<?xml version="1.0" encoding="utf-8" standalone="no"?>
<!--This file represents the results of running a test suite-->
<test-results name="C:\Programming\HoldEm\HoldEm\HoldEmTests\bin\Debug\HoldEmTests.dll" total="1" errors="0" failures="0" not-run="0" inconclusive="0" ignored="0" skipped="0" invalid="0" date="2015-05-03" time="17:28:29">
  <environment nunit-version="2.6.3.13283" clr-version="2.0.50727.5485" os-version="Microsoft Windows NT 6.1.7601 Service Pack 1" platform="Win32NT" cwd="C:\Program Files (x86)\NUnit 2.6.3\bin" machine-name="DAVID-LAPTOP" user="David" user-domain="David-Laptop" />
  <culture-info current-culture="en-CA" current-uiculture="en-US" />
  <test-suite type="Assembly" name="C:\Programming\HoldEm\HoldEm\HoldEmTests\bin\Debug\HoldEmTests.dll" executed="True" result="Success" success="True" time="0.073" asserts="0">
    <results>
      <test-suite type="Namespace" name="HoldEmTests" executed="True" result="Success" success="True" time="0.056" asserts="0">
        <results>
          <test-suite type="TestFixture" name="CardTests" executed="True" result="Success" success="True" time="0.054" asserts="0">
            <results>
              <test-case name="HoldEmTests.CardTests.Prints" executed="True" result="Success" success="True" time="0.040" asserts="1" />
            </results>
          </test-suite>
        </results>
      </test-suite>
    </results>
  </test-suite>
</test-results>